<?xml version="1.0" encoding="UTF-8"?>
<!-- Generated by org.testng.reporters.JUnitXMLReporter -->
<testsuite ignored="0" hostname="DESKTOP-5D2SB1A" failures="0" tests="4" name="Test" time="25.659" errors="0" timestamp="2022-04-22T14:01:15 IST">
  <testcase classname="FunctionalTesting.operations" name="Multiplication" time="5.232"/>
  <testcase classname="FunctionalTesting.operations" name="Division" time="5.155"/>
  <testcase classname="FunctionalTesting.operations" name="Addition" time="5.142"/>
  <testcase classname="FunctionalTesting.operations" name="Substraction" time="5.165"/>
</testsuite> <!-- Test -->
